<?xml version="1.0" encoding="UTF-8"?>
<!-- Generated by org.testng.reporters.JUnitReportReporter -->
<testsuite skipped="0" hostname="AluMalu" name="com.syntax.class11.testNGTest" tests="1" failures="0" timestamp="2020-08-28T22:17:36 EDT" time="0.012" errors="0">
  <testcase name="hello" time="0.012" classname="com.syntax.class11.testNGTest"/>
  <system-out/>
</testsuite> <!-- com.syntax.class11.testNGTest -->
