<?xml version="1.0" encoding="UTF-8"?>
<!-- Generated by org.testng.reporters.JUnitReportReporter -->
<testsuite skipped="0" hostname="AluMalu" name="com.syntax.test.HwTest" tests="3" failures="0" timestamp="2020-09-03T20:59:29 EDT" time="23.134" errors="0">
  <testcase name="blankUsernameAndPasswordValidation" time="6.974" classname="com.syntax.test.HwTest"/>
  <system-out/>
  <testcase name="blankPasswordValidation" time="7.630" classname="com.syntax.test.HwTest"/>
  <system-out/>
  <testcase name="invalidPasswordValidation" time="8.530" classname="com.syntax.test.HwTest"/>
  <system-out/>
</testsuite> <!-- com.syntax.test.HwTest -->
